<?xml version="1.0" encoding="UTF-8" ?>
<testsuite tests="5" failures="0" name="com.tests.TrackingServiceTest" time="3.714" errors="0" skipped="0">
  <properties>
[...]
</properties>
  <testcase classname="com.tests.TrackingServiceTest" name="WhenAddingProteinTotalIncreasesByThatAmount" time="0"/>
  <testcase classname="com.tests.TrackingServiceTest" name="WhenGoalIsSetToLessThanZeroExceptionIsThrown" time="0.003"/>
  <testcase classname="com.tests.TrackingServiceTest" name="WhenRemovingProteinTotalRemainsZero" time="0"/>
  <testcase classname="com.tests.TrackingServiceTest" name="NewTrackingServiceTotalisZero" time="0"/>
  <testcase classname="com.tests.TrackingServiceTest" name="BadTest" time="3.711"/>
</testsuite>